[1122/193934.410:ERROR:directory_reader_win.cc(43)] FindFirstFile: The system cannot find the path specified. (0x3)
[1122/223531.282:ERROR:process_memory_win.cc(73)] ReadMemory at 0x7ff7291b0000 of 64 bytes failed: Only part of a ReadProcessMemory or WriteProcessMemory request was completed. (0x12B)
[1122/223531.283:WARNING:pe_image_reader.cc(340)] could not read dos header from C:\Program Files (x86)\Google\Chrome\Application\chrome.exe
[1122/223531.283:ERROR:process_memory_win.cc(73)] ReadMemory at 0x7ffb95b50000 of 64 bytes failed: Only part of a ReadProcessMemory or WriteProcessMemory request was completed. (0x12B)
[1122/223531.283:WARNING:pe_image_reader.cc(340)] could not read dos header from C:\WINDOWS\SYSTEM32\ntdll.dll
[1122/223531.283:ERROR:process_memory_win.cc(73)] ReadMemory at 0x7ffb95a50000 of 64 bytes failed: Only part of a ReadProcessMemory or WriteProcessMemory request was completed. (0x12B)
[1122/223531.283:WARNING:pe_image_reader.cc(340)] could not read dos header from C:\WINDOWS\System32\KERNEL32.DLL
[1122/223531.283:ERROR:process_memory_win.cc(73)] ReadMemory at 0x7ffb932c0000 of 64 bytes failed: Only part of a ReadProcessMemory or WriteProcessMemory request was completed. (0x12B)
[1122/223531.283:WARNING:pe_image_reader.cc(340)] could not read dos header from C:\WINDOWS\System32\KERNELBASE.dll
[1122/223531.283:ERROR:process_memory_win.cc(73)] ReadMemory at 0x7ffb47880000 of 64 bytes failed: Only part of a ReadProcessMemory or WriteProcessMemory request was completed. (0x12B)
[1122/223531.283:WARNING:pe_image_reader.cc(340)] could not read dos header from C:\Program Files (x86)\Google\Chrome\Application\87.0.4280.66\chrome_elf.dll
[1122/223531.283:ERROR:process_memory_win.cc(73)] ReadMemory at 0x7ffb8e680000 of 64 bytes failed: Only part of a ReadProcessMemory or WriteProcessMemory request was completed. (0x12B)
[1122/223531.283:WARNING:pe_image_reader.cc(340)] could not read dos header from C:\WINDOWS\SYSTEM32\VERSION.dll
[1122/223531.284:ERROR:process_memory_win.cc(73)] ReadMemory at 0x7ffb948f0000 of 64 bytes failed: Only part of a ReadProcessMemory or WriteProcessMemory request was completed. (0x12B)
[1122/223531.284:WARNING:pe_image_reader.cc(340)] could not read dos header from C:\WINDOWS\System32\msvcrt.dll
[1122/223531.284:ERROR:process_memory_win.cc(73)] ReadMemory at 0x7ffb95850000 of 64 bytes failed: Only part of a ReadProcessMemory or WriteProcessMemory request was completed. (0x12B)
[1122/223531.284:WARNING:pe_image_reader.cc(340)] could not read dos header from C:\WINDOWS\System32\ADVAPI32.dll
[1122/223531.284:ERROR:process_memory_win.cc(73)] ReadMemory at 0x7ffb94030000 of 64 bytes failed: Only part of a ReadProcessMemory or WriteProcessMemory request was completed. (0x12B)
[1122/223531.284:WARNING:pe_image_reader.cc(340)] could not read dos header from C:\WINDOWS\System32\sechost.dll
[1122/223531.284:ERROR:process_memory_win.cc(73)] ReadMemory at 0x7ffb95720000 of 64 bytes failed: Only part of a ReadProcessMemory or WriteProcessMemory request was completed. (0x12B)
[1122/223531.284:WARNING:pe_image_reader.cc(340)] could not read dos header from C:\WINDOWS\System32\RPCRT4.dll
[1122/223531.284:ERROR:process_memory_win.cc(73)] ReadMemory at 0x7ffb23630000 of 64 bytes failed: Only part of a ReadProcessMemory or WriteProcessMemory request was completed. (0x12B)
[1122/223531.284:WARNING:pe_image_reader.cc(340)] could not read dos header from C:\Program Files (x86)\Google\Chrome\Application\87.0.4280.66\chrome.dll
[1122/223531.284:ERROR:process_memory_win.cc(73)] ReadMemory at 0x7ffb95980000 of 64 bytes failed: Only part of a ReadProcessMemory or WriteProcessMemory request was completed. (0x12B)
[1122/223531.284:WARNING:pe_image_reader.cc(340)] could not read dos header from C:\WINDOWS\System32\WS2_32.dll
[1122/223531.284:ERROR:process_memory_win.cc(73)] ReadMemory at 0x7ffb940e0000 of 64 bytes failed: Only part of a ReadProcessMemory or WriteProcessMemory request was completed. (0x12B)
[1122/223531.284:WARNING:pe_image_reader.cc(340)] could not read dos header from C:\WINDOWS\System32\OLEAUT32.dll
[1122/223531.284:ERROR:process_memory_win.cc(73)] ReadMemory at 0x7ffb93840000 of 64 bytes failed: Only part of a ReadProcessMemory or WriteProcessMemory request was completed. (0x12B)
[1122/223531.284:WARNING:pe_image_reader.cc(340)] could not read dos header from C:\WINDOWS\System32\msvcp_win.dll
[1122/223531.284:ERROR:process_memory_win.cc(73)] ReadMemory at 0x7ffb936f0000 of 64 bytes failed: Only part of a ReadProcessMemory or WriteProcessMemory request was completed. (0x12B)
[1122/223531.284:WARNING:pe_image_reader.cc(340)] could not read dos header from C:\WINDOWS\System32\ucrtbase.dll
[1122/223531.284:ERROR:process_memory_win.cc(73)] ReadMemory at 0x7ffb94590000 of 64 bytes failed: Only part of a ReadProcessMemory or WriteProcessMemory request was completed. (0x12B)
[1122/223531.284:WARNING:pe_image_reader.cc(340)] could not read dos header from C:\WINDOWS\System32\combase.dll
[1122/223531.284:ERROR:process_memory_win.cc(73)] ReadMemory at 0x7ffb939c0000 of 64 bytes failed: Only part of a ReadProcessMemory or WriteProcessMemory request was completed. (0x12B)
[1122/223531.284:WARNING:pe_image_reader.cc(340)] could not read dos header from C:\WINDOWS\System32\WINTRUST.dll
[1122/223531.284:ERROR:process_memory_win.cc(73)] ReadMemory at 0x7ffb93590000 of 64 bytes failed: Only part of a ReadProcessMemory or WriteProcessMemory request was completed. (0x12B)
[1122/223531.284:WARNING:pe_image_reader.cc(340)] could not read dos header from C:\WINDOWS\System32\CRYPT32.dll
[1122/223531.284:ERROR:process_memory_win.cc(73)] ReadMemory at 0x7ffb88560000 of 64 bytes failed: Only part of a ReadProcessMemory or WriteProcessMemory request was completed. (0x12B)
[1122/223531.284:WARNING:pe_image_reader.cc(340)] could not read dos header from C:\WINDOWS\SYSTEM32\dbghelp.dll
[1122/223531.284:ERROR:process_memory_win.cc(73)] ReadMemory at 0x7ffb926a0000 of 64 bytes failed: Only part of a ReadProcessMemory or WriteProcessMemory request was completed. (0x12B)
[1122/223531.285:WARNING:pe_image_reader.cc(340)] could not read dos header from C:\WINDOWS\SYSTEM32\IPHLPAPI.DLL
[1122/223531.285:ERROR:process_memory_win.cc(73)] ReadMemory at 0x7ffb89af0000 of 64 bytes failed: Only part of a ReadProcessMemory or WriteProcessMemory request was completed. (0x12B)
[1122/223531.285:WARNING:pe_image_reader.cc(340)] could not read dos header from C:\WINDOWS\SYSTEM32\WINMM.dll
[1122/223531.285:ERROR:process_memory_win.cc(73)] ReadMemory at 0x7ffb75de0000 of 64 bytes failed: Only part of a ReadProcessMemory or WriteProcessMemory request was completed. (0x12B)
[1122/223531.285:WARNING:pe_image_reader.cc(340)] could not read dos header from C:\WINDOWS\SYSTEM32\UIAutomationCore.DLL
[1122/223531.285:ERROR:process_memory_win.cc(73)] ReadMemory at 0x7ffb83af0000 of 64 bytes failed: Only part of a ReadProcessMemory or WriteProcessMemory request was completed. (0x12B)
[1122/223531.285:WARNING:pe_image_reader.cc(340)] could not read dos header from C:\WINDOWS\SYSTEM32\Secur32.dll
[1122/223531.285:ERROR:process_memory_win.cc(73)] ReadMemory at 0x7ffb93140000 of 64 bytes failed: Only part of a ReadProcessMemory or WriteProcessMemory request was completed. (0x12B)
[1122/223531.285:WARNING:pe_image_reader.cc(340)] could not read dos header from C:\WINDOWS\SYSTEM32\USERENV.dll
[1122/223531.285:ERROR:process_memory_win.cc(73)] ReadMemory at 0x7ffb7bed0000 of 64 bytes failed: Only part of a ReadProcessMemory or WriteProcessMemory request was completed. (0x12B)
[1122/223531.285:WARNING:pe_image_reader.cc(340)] could not read dos header from C:\WINDOWS\SYSTEM32\DWrite.dll
[1122/223531.285:ERROR:process_memory_win.cc(73)] ReadMemory at 0x7ffb86b20000 of 64 bytes failed: Only part of a ReadProcessMemory or WriteProcessMemory request was completed. (0x12B)
[1122/223531.285:WARNING:pe_image_reader.cc(340)] could not read dos header from C:\WINDOWS\SYSTEM32\WINSPOOL.DRV
[1122/223531.285:ERROR:process_memory_win.cc(73)] ReadMemory at 0x7ffb87df0000 of 64 bytes failed: Only part of a ReadProcessMemory or WriteProcessMemory request was completed. (0x12B)
[1122/223531.285:WARNING:pe_image_reader.cc(340)] could not read dos header from C:\WINDOWS\SYSTEM32\WINHTTP.dll
[1122/223531.285:ERROR:process_memory_win.cc(73)] ReadMemory at 0x7ffb8d3f0000 of 64 bytes failed: Only part of a ReadProcessMemory or WriteProcessMemory request was completed. (0x12B)
[1122/223531.285:WARNING:pe_image_reader.cc(340)] could not read dos header from C:\WINDOWS\SYSTEM32\dhcpcsvc.DLL
[1122/223531.285:ERROR:process_memory_win.cc(73)] ReadMemory at 0x7ffb8eee0000 of 64 bytes failed: Only part of a ReadProcessMemory or WriteProcessMemory request was completed. (0x12B)
[1122/223531.285:WARNING:pe_image_reader.cc(340)] could not read dos header from C:\WINDOWS\SYSTEM32\PROPSYS.dll
[1122/223531.285:ERROR:process_memory_win.cc(73)] ReadMemory at 0x7ffb93170000 of 64 bytes failed: Only part of a ReadProcessMemory or WriteProcessMemory request was completed. (0x12B)
[1122/223531.285:WARNING:pe_image_reader.cc(340)] could not read dos header from C:\WINDOWS\SYSTEM32\SSPICLI.DLL
[1122/223531.285:ERROR:process_memory_win.cc(73)] ReadMemory at 0x7ffb92e80000 of 64 bytes failed: Only part of a ReadProcessMemory or WriteProcessMemory request was completed. (0x12B)
[1122/223531.285:WARNING:pe_image_reader.cc(340)] could not read dos header from C:\WINDOWS\System32\MSASN1.dll
[1122/223531.285:ERROR:process_memory_win.cc(73)] ReadMemory at 0x7ffb93b30000 of 64 bytes failed: Only part of a ReadProcessMemory or WriteProcessMemory request was completed. (0x12B)
[1122/223531.285:WARNING:pe_image_reader.cc(340)] could not read dos header from C:\WINDOWS\System32\bcryptPrimitives.dll
[1122/223531.285:ERROR:process_memory_win.cc(73)] ReadMemory at 0x7ffb92be0000 of 64 bytes failed: Only part of a ReadProcessMemory or WriteProcessMemory request was completed. (0x12B)
[1122/223531.285:WARNING:pe_image_reader.cc(340)] could not read dos header from C:\WINDOWS\SYSTEM32\CRYPTBASE.DLL
[1122/223531.289:ERROR:process_memory_win.cc(73)] ReadMemory at 0x7ff7291b0000 of 64 bytes failed: Only part of a ReadProcessMemory or WriteProcessMemory request was completed. (0x12B)
[1122/223531.290:WARNING:pe_image_reader.cc(340)] could not read dos header from C:\Program Files (x86)\Google\Chrome\Application\chrome.exe
[1122/223531.290:ERROR:process_memory_win.cc(73)] ReadMemory at 0x7ffb95b50000 of 64 bytes failed: Only part of a ReadProcessMemory or WriteProcessMemory request was completed. (0x12B)
[1122/223531.290:WARNING:pe_image_reader.cc(340)] could not read dos header from C:\WINDOWS\SYSTEM32\ntdll.dll
[1122/223531.290:ERROR:process_memory_win.cc(73)] ReadMemory at 0x7ffb95a50000 of 64 bytes failed: Only part of a ReadProcessMemory or WriteProcessMemory request was completed. (0x12B)
[1122/223531.290:WARNING:pe_image_reader.cc(340)] could not read dos header from C:\WINDOWS\System32\KERNEL32.DLL
[1122/223531.290:ERROR:process_memory_win.cc(73)] ReadMemory at 0x7ffb932c0000 of 64 bytes failed: Only part of a ReadProcessMemory or WriteProcessMemory request was completed. (0x12B)
[1122/223531.290:WARNING:pe_image_reader.cc(340)] could not read dos header from C:\WINDOWS\System32\KERNELBASE.dll
[1122/223531.290:ERROR:process_memory_win.cc(73)] ReadMemory at 0x7ffb47880000 of 64 bytes failed: Only part of a ReadProcessMemory or WriteProcessMemory request was completed. (0x12B)
[1122/223531.290:WARNING:pe_image_reader.cc(340)] could not read dos header from C:\Program Files (x86)\Google\Chrome\Application\87.0.4280.66\chrome_elf.dll
[1122/223531.290:ERROR:process_memory_win.cc(73)] ReadMemory at 0x7ffb8e680000 of 64 bytes failed: Only part of a ReadProcessMemory or WriteProcessMemory request was completed. (0x12B)
[1122/223531.290:WARNING:pe_image_reader.cc(340)] could not read dos header from C:\WINDOWS\SYSTEM32\VERSION.dll
[1122/223531.290:ERROR:process_memory_win.cc(73)] ReadMemory at 0x7ffb948f0000 of 64 bytes failed: Only part of a ReadProcessMemory or WriteProcessMemory request was completed. (0x12B)
[1122/223531.290:WARNING:pe_image_reader.cc(340)] could not read dos header from C:\WINDOWS\System32\msvcrt.dll
[1122/223531.290:ERROR:process_memory_win.cc(73)] ReadMemory at 0x7ffb95850000 of 64 bytes failed: Only part of a ReadProcessMemory or WriteProcessMemory request was completed. (0x12B)
[1122/223531.290:WARNING:pe_image_reader.cc(340)] could not read dos header from C:\WINDOWS\System32\ADVAPI32.dll
[1122/223531.290:ERROR:process_memory_win.cc(73)] ReadMemory at 0x7ffb94030000 of 64 bytes failed: Only part of a ReadProcessMemory or WriteProcessMemory request was completed. (0x12B)
[1122/223531.290:WARNING:pe_image_reader.cc(340)] could not read dos header from C:\WINDOWS\System32\sechost.dll
[1122/223531.290:ERROR:process_memory_win.cc(73)] ReadMemory at 0x7ffb95720000 of 64 bytes failed: Only part of a ReadProcessMemory or WriteProcessMemory request was completed. (0x12B)
[1122/223531.290:WARNING:pe_image_reader.cc(340)] could not read dos header from C:\WINDOWS\System32\RPCRT4.dll
[1122/223531.290:ERROR:process_memory_win.cc(73)] ReadMemory at 0x7ffb23630000 of 64 bytes failed: Only part of a ReadProcessMemory or WriteProcessMemory request was completed. (0x12B)
[1122/223531.290:WARNING:pe_image_reader.cc(340)] could not read dos header from C:\Program Files (x86)\Google\Chrome\Application\87.0.4280.66\chrome.dll
[1122/223531.290:ERROR:process_memory_win.cc(73)] ReadMemory at 0x7ffb95980000 of 64 bytes failed: Only part of a ReadProcessMemory or WriteProcessMemory request was completed. (0x12B)
[1122/223531.290:WARNING:pe_image_reader.cc(340)] could not read dos header from C:\WINDOWS\System32\WS2_32.dll
[1122/223531.290:ERROR:process_memory_win.cc(73)] ReadMemory at 0x7ffb940e0000 of 64 bytes failed: Only part of a ReadProcessMemory or WriteProcessMemory request was completed. (0x12B)
[1122/223531.290:WARNING:pe_image_reader.cc(340)] could not read dos header from C:\WINDOWS\System32\OLEAUT32.dll
[1122/223531.290:ERROR:process_memory_win.cc(73)] ReadMemory at 0x7ffb93840000 of 64 bytes failed: Only part of a ReadProcessMemory or WriteProcessMemory request was completed. (0x12B)
[1122/223531.290:WARNING:pe_image_reader.cc(340)] could not read dos header from C:\WINDOWS\System32\msvcp_win.dll
[1122/223531.290:ERROR:process_memory_win.cc(73)] ReadMemory at 0x7ffb936f0000 of 64 bytes failed: Only part of a ReadProcessMemory or WriteProcessMemory request was completed. (0x12B)
[1122/223531.290:WARNING:pe_image_reader.cc(340)] could not read dos header from C:\WINDOWS\System32\ucrtbase.dll
[1122/223531.291:ERROR:process_memory_win.cc(73)] ReadMemory at 0x7ffb94590000 of 64 bytes failed: Only part of a ReadProcessMemory or WriteProcessMemory request was completed. (0x12B)
[1122/223531.291:WARNING:pe_image_reader.cc(340)] could not read dos header from C:\WINDOWS\System32\combase.dll
[1122/223531.291:ERROR:process_memory_win.cc(73)] ReadMemory at 0x7ffb939c0000 of 64 bytes failed: Only part of a ReadProcessMemory or WriteProcessMemory request was completed. (0x12B)
[1122/223531.291:WARNING:pe_image_reader.cc(340)] could not read dos header from C:\WINDOWS\System32\WINTRUST.dll
[1122/223531.291:ERROR:process_memory_win.cc(73)] ReadMemory at 0x7ffb93590000 of 64 bytes failed: Only part of a ReadProcessMemory or WriteProcessMemory request was completed. (0x12B)
[1122/223531.291:WARNING:pe_image_reader.cc(340)] could not read dos header from C:\WINDOWS\System32\CRYPT32.dll
[1122/223531.291:ERROR:process_memory_win.cc(73)] ReadMemory at 0x7ffb88560000 of 64 bytes failed: Only part of a ReadProcessMemory or WriteProcessMemory request was completed. (0x12B)
[1122/223531.291:WARNING:pe_image_reader.cc(340)] could not read dos header from C:\WINDOWS\SYSTEM32\dbghelp.dll
[1122/223531.291:ERROR:process_memory_win.cc(73)] ReadMemory at 0x7ffb926a0000 of 64 bytes failed: Only part of a ReadProcessMemory or WriteProcessMemory request was completed. (0x12B)
[1122/223531.291:WARNING:pe_image_reader.cc(340)] could not read dos header from C:\WINDOWS\SYSTEM32\IPHLPAPI.DLL
[1122/223531.291:ERROR:process_memory_win.cc(73)] ReadMemory at 0x7ffb89af0000 of 64 bytes failed: Only part of a ReadProcessMemory or WriteProcessMemory request was completed. (0x12B)
[1122/223531.291:WARNING:pe_image_reader.cc(340)] could not read dos header from C:\WINDOWS\SYSTEM32\WINMM.dll
[1122/223531.291:ERROR:process_memory_win.cc(73)] ReadMemory at 0x7ffb75de0000 of 64 bytes failed: Only part of a ReadProcessMemory or WriteProcessMemory request was completed. (0x12B)
[1122/223531.291:WARNING:pe_image_reader.cc(340)] could not read dos header from C:\WINDOWS\SYSTEM32\UIAutomationCore.DLL
[1122/223531.291:ERROR:process_memory_win.cc(73)] ReadMemory at 0x7ffb83af0000 of 64 bytes failed: Only part of a ReadProcessMemory or WriteProcessMemory request was completed. (0x12B)
[1122/223531.291:WARNING:pe_image_reader.cc(340)] could not read dos header from C:\WINDOWS\SYSTEM32\Secur32.dll
[1122/223531.291:ERROR:process_memory_win.cc(73)] ReadMemory at 0x7ffb93140000 of 64 bytes failed: Only part of a ReadProcessMemory or WriteProcessMemory request was completed. (0x12B)
[1122/223531.291:WARNING:pe_image_reader.cc(340)] could not read dos header from C:\WINDOWS\SYSTEM32\USERENV.dll
[1122/223531.291:ERROR:process_memory_win.cc(73)] ReadMemory at 0x7ffb7bed0000 of 64 bytes failed: Only part of a ReadProcessMemory or WriteProcessMemory request was completed. (0x12B)
[1122/223531.291:WARNING:pe_image_reader.cc(340)] could not read dos header from C:\WINDOWS\SYSTEM32\DWrite.dll
[1122/223531.291:ERROR:process_memory_win.cc(73)] ReadMemory at 0x7ffb86b20000 of 64 bytes failed: Only part of a ReadProcessMemory or WriteProcessMemory request was completed. (0x12B)
[1122/223531.291:WARNING:pe_image_reader.cc(340)] could not read dos header from C:\WINDOWS\SYSTEM32\WINSPOOL.DRV
[1122/223531.291:ERROR:process_memory_win.cc(73)] ReadMemory at 0x7ffb87df0000 of 64 bytes failed: Only part of a ReadProcessMemory or WriteProcessMemory request was completed. (0x12B)
[1122/223531.291:WARNING:pe_image_reader.cc(340)] could not read dos header from C:\WINDOWS\SYSTEM32\WINHTTP.dll
[1122/223531.291:ERROR:process_memory_win.cc(73)] ReadMemory at 0x7ffb8d3f0000 of 64 bytes failed: Only part of a ReadProcessMemory or WriteProcessMemory request was completed. (0x12B)
[1122/223531.291:WARNING:pe_image_reader.cc(340)] could not read dos header from C:\WINDOWS\SYSTEM32\dhcpcsvc.DLL
[1122/223531.291:ERROR:process_memory_win.cc(73)] ReadMemory at 0x7ffb8eee0000 of 64 bytes failed: Only part of a ReadProcessMemory or WriteProcessMemory request was completed. (0x12B)
[1122/223531.292:WARNING:pe_image_reader.cc(340)] could not read dos header from C:\WINDOWS\SYSTEM32\PROPSYS.dll
[1122/223531.292:ERROR:process_memory_win.cc(73)] ReadMemory at 0x7ffb93170000 of 64 bytes failed: Only part of a ReadProcessMemory or WriteProcessMemory request was completed. (0x12B)
[1122/223531.292:WARNING:pe_image_reader.cc(340)] could not read dos header from C:\WINDOWS\SYSTEM32\SSPICLI.DLL
[1122/223531.292:ERROR:process_memory_win.cc(73)] ReadMemory at 0x7ffb92e80000 of 64 bytes failed: Only part of a ReadProcessMemory or WriteProcessMemory request was completed. (0x12B)
[1122/223531.292:WARNING:pe_image_reader.cc(340)] could not read dos header from C:\WINDOWS\System32\MSASN1.dll
[1122/223531.292:ERROR:process_memory_win.cc(73)] ReadMemory at 0x7ffb93b30000 of 64 bytes failed: Only part of a ReadProcessMemory or WriteProcessMemory request was completed. (0x12B)
[1122/223531.292:WARNING:pe_image_reader.cc(340)] could not read dos header from C:\WINDOWS\System32\bcryptPrimitives.dll
[1122/223531.292:ERROR:process_memory_win.cc(73)] ReadMemory at 0x7ffb92be0000 of 64 bytes failed: Only part of a ReadProcessMemory or WriteProcessMemory request was completed. (0x12B)
[1122/223531.292:WARNING:pe_image_reader.cc(340)] could not read dos header from C:\WINDOWS\SYSTEM32\CRYPTBASE.DLL
[1122/223531.292:ERROR:process_memory_win.cc(73)] ReadMemory at 0x7ff7291b0000 of 64 bytes failed: Only part of a ReadProcessMemory or WriteProcessMemory request was completed. (0x12B)
[1122/223531.292:WARNING:pe_image_reader.cc(340)] could not read dos header from C:\Program Files (x86)\Google\Chrome\Application\chrome.exe
[1122/223531.292:ERROR:process_memory_win.cc(73)] ReadMemory at 0x7ffb95b50000 of 64 bytes failed: Only part of a ReadProcessMemory or WriteProcessMemory request was completed. (0x12B)
[1122/223531.292:WARNING:pe_image_reader.cc(340)] could not read dos header from C:\WINDOWS\SYSTEM32\ntdll.dll
[1122/223531.292:ERROR:process_memory_win.cc(73)] ReadMemory at 0x7ffb95a50000 of 64 bytes failed: Only part of a ReadProcessMemory or WriteProcessMemory request was completed. (0x12B)
[1122/223531.292:WARNING:pe_image_reader.cc(340)] could not read dos header from C:\WINDOWS\System32\KERNEL32.DLL
[1122/223531.292:ERROR:process_memory_win.cc(73)] ReadMemory at 0x7ffb932c0000 of 64 bytes failed: Only part of a ReadProcessMemory or WriteProcessMemory request was completed. (0x12B)
[1122/223531.292:WARNING:pe_image_reader.cc(340)] could not read dos header from C:\WINDOWS\System32\KERNELBASE.dll
[1122/223531.292:ERROR:process_memory_win.cc(73)] ReadMemory at 0x7ffb47880000 of 64 bytes failed: Only part of a ReadProcessMemory or WriteProcessMemory request was completed. (0x12B)
[1122/223531.292:WARNING:pe_image_reader.cc(340)] could not read dos header from C:\Program Files (x86)\Google\Chrome\Application\87.0.4280.66\chrome_elf.dll
[1122/223531.292:ERROR:process_memory_win.cc(73)] ReadMemory at 0x7ffb8e680000 of 64 bytes failed: Only part of a ReadProcessMemory or WriteProcessMemory request was completed. (0x12B)
[1122/223531.292:WARNING:pe_image_reader.cc(340)] could not read dos header from C:\WINDOWS\SYSTEM32\VERSION.dll
[1122/223531.292:ERROR:process_memory_win.cc(73)] ReadMemory at 0x7ffb948f0000 of 64 bytes failed: Only part of a ReadProcessMemory or WriteProcessMemory request was completed. (0x12B)
[1122/223531.292:WARNING:pe_image_reader.cc(340)] could not read dos header from C:\WINDOWS\System32\msvcrt.dll
[1122/223531.292:ERROR:process_memory_win.cc(73)] ReadMemory at 0x7ffb95850000 of 64 bytes failed: Only part of a ReadProcessMemory or WriteProcessMemory request was completed. (0x12B)
[1122/223531.293:WARNING:pe_image_reader.cc(340)] could not read dos header from C:\WINDOWS\System32\ADVAPI32.dll
[1122/223531.293:ERROR:process_memory_win.cc(73)] ReadMemory at 0x7ffb94030000 of 64 bytes failed: Only part of a ReadProcessMemory or WriteProcessMemory request was completed. (0x12B)
[1122/223531.293:WARNING:pe_image_reader.cc(340)] could not read dos header from C:\WINDOWS\System32\sechost.dll
[1122/223531.293:ERROR:process_memory_win.cc(73)] ReadMemory at 0x7ffb95720000 of 64 bytes failed: Only part of a ReadProcessMemory or WriteProcessMemory request was completed. (0x12B)
[1122/223531.293:WARNING:pe_image_reader.cc(340)] could not read dos header from C:\WINDOWS\System32\RPCRT4.dll
[1122/223531.293:ERROR:process_memory_win.cc(73)] ReadMemory at 0x7ffb23630000 of 64 bytes failed: Only part of a ReadProcessMemory or WriteProcessMemory request was completed. (0x12B)
[1122/223531.293:WARNING:pe_image_reader.cc(340)] could not read dos header from C:\Program Files (x86)\Google\Chrome\Application\87.0.4280.66\chrome.dll
[1122/223531.293:ERROR:process_memory_win.cc(73)] ReadMemory at 0x7ffb95980000 of 64 bytes failed: Only part of a ReadProcessMemory or WriteProcessMemory request was completed. (0x12B)
[1122/223531.293:WARNING:pe_image_reader.cc(340)] could not read dos header from C:\WINDOWS\System32\WS2_32.dll
[1122/223531.293:ERROR:process_memory_win.cc(73)] ReadMemory at 0x7ffb940e0000 of 64 bytes failed: Only part of a ReadProcessMemory or WriteProcessMemory request was completed. (0x12B)
[1122/223531.293:WARNING:pe_image_reader.cc(340)] could not read dos header from C:\WINDOWS\System32\OLEAUT32.dll
[1122/223531.293:ERROR:process_memory_win.cc(73)] ReadMemory at 0x7ffb93840000 of 64 bytes failed: Only part of a ReadProcessMemory or WriteProcessMemory request was completed. (0x12B)
[1122/223531.293:WARNING:pe_image_reader.cc(340)] could not read dos header from C:\WINDOWS\System32\msvcp_win.dll
[1122/223531.293:ERROR:process_memory_win.cc(73)] ReadMemory at 0x7ffb936f0000 of 64 bytes failed: Only part of a ReadProcessMemory or WriteProcessMemory request was completed. (0x12B)
[1122/223531.293:WARNING:pe_image_reader.cc(340)] could not read dos header from C:\WINDOWS\System32\ucrtbase.dll
[1122/223531.293:ERROR:process_memory_win.cc(73)] ReadMemory at 0x7ffb94590000 of 64 bytes failed: Only part of a ReadProcessMemory or WriteProcessMemory request was completed. (0x12B)
[1122/223531.293:WARNING:pe_image_reader.cc(340)] could not read dos header from C:\WINDOWS\System32\combase.dll
[1122/223531.293:ERROR:process_memory_win.cc(73)] ReadMemory at 0x7ffb939c0000 of 64 bytes failed: Only part of a ReadProcessMemory or WriteProcessMemory request was completed. (0x12B)
[1122/223531.293:WARNING:pe_image_reader.cc(340)] could not read dos header from C:\WINDOWS\System32\WINTRUST.dll
[1122/223531.293:ERROR:process_memory_win.cc(73)] ReadMemory at 0x7ffb93590000 of 64 bytes failed: Only part of a ReadProcessMemory or WriteProcessMemory request was completed. (0x12B)
[1122/223531.293:WARNING:pe_image_reader.cc(340)] could not read dos header from C:\WINDOWS\System32\CRYPT32.dll
[1122/223531.293:ERROR:process_memory_win.cc(73)] ReadMemory at 0x7ffb88560000 of 64 bytes failed: Only part of a ReadProcessMemory or WriteProcessMemory request was completed. (0x12B)
[1122/223531.293:WARNING:pe_image_reader.cc(340)] could not read dos header from C:\WINDOWS\SYSTEM32\dbghelp.dll
[1122/223531.294:ERROR:process_memory_win.cc(73)] ReadMemory at 0x7ffb926a0000 of 64 bytes failed: Only part of a ReadProcessMemory or WriteProcessMemory request was completed. (0x12B)
[1122/223531.294:WARNING:pe_image_reader.cc(340)] could not read dos header from C:\WINDOWS\SYSTEM32\IPHLPAPI.DLL
[1122/223531.294:ERROR:process_memory_win.cc(73)] ReadMemory at 0x7ffb89af0000 of 64 bytes failed: Only part of a ReadProcessMemory or WriteProcessMemory request was completed. (0x12B)
[1122/223531.294:WARNING:pe_image_reader.cc(340)] could not read dos header from C:\WINDOWS\SYSTEM32\WINMM.dll
[1122/223531.294:ERROR:process_memory_win.cc(73)] ReadMemory at 0x7ffb75de0000 of 64 bytes failed: Only part of a ReadProcessMemory or WriteProcessMemory request was completed. (0x12B)
[1122/223531.294:WARNING:pe_image_reader.cc(340)] could not read dos header from C:\WINDOWS\SYSTEM32\UIAutomationCore.DLL
[1122/223531.294:ERROR:process_memory_win.cc(73)] ReadMemory at 0x7ffb83af0000 of 64 bytes failed: Only part of a ReadProcessMemory or WriteProcessMemory request was completed. (0x12B)
[1122/223531.294:WARNING:pe_image_reader.cc(340)] could not read dos header from C:\WINDOWS\SYSTEM32\Secur32.dll
[1122/223531.294:ERROR:process_memory_win.cc(73)] ReadMemory at 0x7ffb93140000 of 64 bytes failed: Only part of a ReadProcessMemory or WriteProcessMemory request was completed. (0x12B)
[1122/223531.294:WARNING:pe_image_reader.cc(340)] could not read dos header from C:\WINDOWS\SYSTEM32\USERENV.dll
[1122/223531.294:ERROR:process_memory_win.cc(73)] ReadMemory at 0x7ffb7bed0000 of 64 bytes failed: Only part of a ReadProcessMemory or WriteProcessMemory request was completed. (0x12B)
[1122/223531.294:WARNING:pe_image_reader.cc(340)] could not read dos header from C:\WINDOWS\SYSTEM32\DWrite.dll
[1122/223531.294:ERROR:process_memory_win.cc(73)] ReadMemory at 0x7ffb86b20000 of 64 bytes failed: Only part of a ReadProcessMemory or WriteProcessMemory request was completed. (0x12B)
[1122/223531.294:WARNING:pe_image_reader.cc(340)] could not read dos header from C:\WINDOWS\SYSTEM32\WINSPOOL.DRV
[1122/223531.294:ERROR:process_memory_win.cc(73)] ReadMemory at 0x7ffb87df0000 of 64 bytes failed: Only part of a ReadProcessMemory or WriteProcessMemory request was completed. (0x12B)
[1122/223531.294:WARNING:pe_image_reader.cc(340)] could not read dos header from C:\WINDOWS\SYSTEM32\WINHTTP.dll
[1122/223531.294:ERROR:process_memory_win.cc(73)] ReadMemory at 0x7ffb8d3f0000 of 64 bytes failed: Only part of a ReadProcessMemory or WriteProcessMemory request was completed. (0x12B)
[1122/223531.294:WARNING:pe_image_reader.cc(340)] could not read dos header from C:\WINDOWS\SYSTEM32\dhcpcsvc.DLL
[1122/223531.294:ERROR:process_memory_win.cc(73)] ReadMemory at 0x7ffb8eee0000 of 64 bytes failed: Only part of a ReadProcessMemory or WriteProcessMemory request was completed. (0x12B)
[1122/223531.294:WARNING:pe_image_reader.cc(340)] could not read dos header from C:\WINDOWS\SYSTEM32\PROPSYS.dll
[1122/223531.294:ERROR:process_memory_win.cc(73)] ReadMemory at 0x7ffb93170000 of 64 bytes failed: Only part of a ReadProcessMemory or WriteProcessMemory request was completed. (0x12B)
[1122/223531.294:WARNING:pe_image_reader.cc(340)] could not read dos header from C:\WINDOWS\SYSTEM32\SSPICLI.DLL
[1122/223531.294:ERROR:process_memory_win.cc(73)] ReadMemory at 0x7ffb92e80000 of 64 bytes failed: Only part of a ReadProcessMemory or WriteProcessMemory request was completed. (0x12B)
[1122/223531.294:WARNING:pe_image_reader.cc(340)] could not read dos header from C:\WINDOWS\System32\MSASN1.dll
[1122/223531.294:ERROR:process_memory_win.cc(73)] ReadMemory at 0x7ffb93b30000 of 64 bytes failed: Only part of a ReadProcessMemory or WriteProcessMemory request was completed. (0x12B)
[1122/223531.294:WARNING:pe_image_reader.cc(340)] could not read dos header from C:\WINDOWS\System32\bcryptPrimitives.dll
[1122/223531.294:ERROR:process_memory_win.cc(73)] ReadMemory at 0x7ffb92be0000 of 64 bytes failed: Only part of a ReadProcessMemory or WriteProcessMemory request was completed. (0x12B)
[1122/223531.295:WARNING:pe_image_reader.cc(340)] could not read dos header from C:\WINDOWS\SYSTEM32\CRYPTBASE.DLL
[1122/223531.309:ERROR:process_memory_win.cc(73)] ReadMemory at 0x4d9eff7000 of 36864 bytes failed: Only part of a ReadProcessMemory or WriteProcessMemory request was completed. (0x12B)
[1122/223531.309:ERROR:process_memory_win.cc(73)] ReadMemory at 0x4d9f7fe000 of 8192 bytes failed: Only part of a ReadProcessMemory or WriteProcessMemory request was completed. (0x12B)
[1122/223531.309:ERROR:process_memory_win.cc(73)] ReadMemory at 0x4d9fffd000 of 12288 bytes failed: Only part of a ReadProcessMemory or WriteProcessMemory request was completed. (0x12B)
[1122/223531.309:ERROR:process_memory_win.cc(73)] ReadMemory at 0x4da07fe000 of 8192 bytes failed: Only part of a ReadProcessMemory or WriteProcessMemory request was completed. (0x12B)
[1122/223531.309:ERROR:process_memory_win.cc(73)] ReadMemory at 0x4da0ffd000 of 12288 bytes failed: Only part of a ReadProcessMemory or WriteProcessMemory request was completed. (0x12B)
[1122/223531.309:ERROR:process_memory_win.cc(73)] ReadMemory at 0x4da17fe000 of 8192 bytes failed: Only part of a ReadProcessMemory or WriteProcessMemory request was completed. (0x12B)
[1122/223531.310:ERROR:process_memory_win.cc(73)] ReadMemory at 0x4da1ffe000 of 8192 bytes failed: Only part of a ReadProcessMemory or WriteProcessMemory request was completed. (0x12B)
[1122/223531.310:ERROR:process_memory_win.cc(73)] ReadMemory at 0x4da27fe000 of 8192 bytes failed: Only part of a ReadProcessMemory or WriteProcessMemory request was completed. (0x12B)
[1122/223531.310:ERROR:process_memory_win.cc(73)] ReadMemory at 0x4da2ffd000 of 12288 bytes failed: Only part of a ReadProcessMemory or WriteProcessMemory request was completed. (0x12B)
[1122/223531.310:ERROR:process_memory_win.cc(73)] ReadMemory at 0x4da37fe000 of 8192 bytes failed: Only part of a ReadProcessMemory or WriteProcessMemory request was completed. (0x12B)
[1122/223531.310:ERROR:process_memory_win.cc(73)] ReadMemory at 0x4da3ffe000 of 8192 bytes failed: Only part of a ReadProcessMemory or WriteProcessMemory request was completed. (0x12B)
[1122/223531.310:ERROR:process_memory_win.cc(73)] ReadMemory at 0x4da47fe000 of 8192 bytes failed: Only part of a ReadProcessMemory or WriteProcessMemory request was completed. (0x12B)
[1122/223531.310:ERROR:process_memory_win.cc(73)] ReadMemory at 0x4da4ffe000 of 8192 bytes failed: Only part of a ReadProcessMemory or WriteProcessMemory request was completed. (0x12B)
[1122/223531.310:ERROR:process_memory_win.cc(73)] ReadMemory at 0x4da57fe000 of 8192 bytes failed: Only part of a ReadProcessMemory or WriteProcessMemory request was completed. (0x12B)
[1122/223531.310:ERROR:process_memory_win.cc(73)] ReadMemory at 0x4d9e6d0000 of 852 bytes failed: Only part of a ReadProcessMemory or WriteProcessMemory request was completed. (0x12B)
[1122/223531.310:ERROR:process_memory_win.cc(73)] ReadMemory at 0x4d9e6d1000 of 6024 bytes failed: Only part of a ReadProcessMemory or WriteProcessMemory request was completed. (0x12B)
[1122/223531.310:ERROR:process_memory_win.cc(73)] ReadMemory at 0x4d9e6d3000 of 6024 bytes failed: Only part of a ReadProcessMemory or WriteProcessMemory request was completed. (0x12B)
[1122/223531.311:ERROR:process_memory_win.cc(73)] ReadMemory at 0x4d9e6d5000 of 6024 bytes failed: Only part of a ReadProcessMemory or WriteProcessMemory request was completed. (0x12B)
[1122/223531.311:ERROR:process_memory_win.cc(73)] ReadMemory at 0x4d9e6d7000 of 6024 bytes failed: Only part of a ReadProcessMemory or WriteProcessMemory request was completed. (0x12B)
[1122/223531.311:ERROR:process_memory_win.cc(73)] ReadMemory at 0x4d9e6d9000 of 6024 bytes failed: Only part of a ReadProcessMemory or WriteProcessMemory request was completed. (0x12B)
[1122/223531.311:ERROR:process_memory_win.cc(73)] ReadMemory at 0x4d9e6db000 of 6024 bytes failed: Only part of a ReadProcessMemory or WriteProcessMemory request was completed. (0x12B)
[1122/223531.311:ERROR:process_memory_win.cc(73)] ReadMemory at 0x4d9e6dd000 of 6024 bytes failed: Only part of a ReadProcessMemory or WriteProcessMemory request was completed. (0x12B)
[1122/223531.311:ERROR:process_memory_win.cc(73)] ReadMemory at 0x4d9e6df000 of 6024 bytes failed: Only part of a ReadProcessMemory or WriteProcessMemory request was completed. (0x12B)
[1122/223531.311:ERROR:process_memory_win.cc(73)] ReadMemory at 0x4d9e6e1000 of 6024 bytes failed: Only part of a ReadProcessMemory or WriteProcessMemory request was completed. (0x12B)
[1122/223531.311:ERROR:process_memory_win.cc(73)] ReadMemory at 0x4d9e6e3000 of 6024 bytes failed: Only part of a ReadProcessMemory or WriteProcessMemory request was completed. (0x12B)
[1122/223531.311:ERROR:process_memory_win.cc(73)] ReadMemory at 0x4d9e6e5000 of 6024 bytes failed: Only part of a ReadProcessMemory or WriteProcessMemory request was completed. (0x12B)
[1122/223531.311:ERROR:process_memory_win.cc(73)] ReadMemory at 0x4d9e6e7000 of 6024 bytes failed: Only part of a ReadProcessMemory or WriteProcessMemory request was completed. (0x12B)
[1122/223531.311:ERROR:process_memory_win.cc(73)] ReadMemory at 0x4d9e6e9000 of 6024 bytes failed: Only part of a ReadProcessMemory or WriteProcessMemory request was completed. (0x12B)
[1122/223531.311:ERROR:process_memory_win.cc(73)] ReadMemory at 0x4d9e6eb000 of 6024 bytes failed: Only part of a ReadProcessMemory or WriteProcessMemory request was completed. (0x12B)
[1122/223531.312:ERROR:process_memory_win.cc(73)] ReadMemory at 0x175cab10fe0 of 5002 bytes failed: Only part of a ReadProcessMemory or WriteProcessMemory request was completed. (0x12B)
[1122/223531.312:ERROR:process_memory_win.cc(73)] ReadMemory at 0x175cab12380 of 1012 bytes failed: Only part of a ReadProcessMemory or WriteProcessMemory request was completed. (0x12B)
[1122/223531.312:ERROR:process_memory_win.cc(73)] ReadMemory at 0x175cab129c8 of 118 bytes failed: Only part of a ReadProcessMemory or WriteProcessMemory request was completed. (0x12B)
[1122/223531.312:ERROR:process_memory_win.cc(73)] ReadMemory at 0x175cab12a40 of 754 bytes failed: Only part of a ReadProcessMemory or WriteProcessMemory request was completed. (0x12B)
[1122/223531.312:ERROR:process_memory_win.cc(73)] ReadMemory at 0x175cab12d34 of 118 bytes failed: Only part of a ReadProcessMemory or WriteProcessMemory request was completed. (0x12B)
[1122/223531.312:ERROR:process_memory_win.cc(73)] ReadMemory at 0x175cab12dac of 98 bytes failed: Only part of a ReadProcessMemory or WriteProcessMemory request was completed. (0x12B)
[1122/223531.312:ERROR:process_memory_win.cc(73)] ReadMemory at 0x175cab12e20 of 58 bytes failed: Only part of a ReadProcessMemory or WriteProcessMemory request was completed. (0x12B)
[1122/223531.312:ERROR:process_memory_win.cc(73)] ReadMemory at 0x175cab12f20 of 132 bytes failed: Only part of a ReadProcessMemory or WriteProcessMemory request was completed. (0x12B)
[1122/223531.312:ERROR:process_memory_win.cc(73)] ReadMemory at 0x175cab130b0 of 132 bytes failed: Only part of a ReadProcessMemory or WriteProcessMemory request was completed. (0x12B)
[1122/223531.312:ERROR:process_memory_win.cc(73)] ReadMemory at 0x175cab13270 of 124 bytes failed: Only part of a ReadProcessMemory or WriteProcessMemory request was completed. (0x12B)
[1122/223531.312:ERROR:process_memory_win.cc(73)] ReadMemory at 0x175cab13770 of 132 bytes failed: Only part of a ReadProcessMemory or WriteProcessMemory request was completed. (0x12B)
[1122/223531.313:ERROR:process_memory_win.cc(73)] ReadMemory at 0x175cab13900 of 64 bytes failed: Only part of a ReadProcessMemory or WriteProcessMemory request was completed. (0x12B)
[1122/223531.313:ERROR:process_memory_win.cc(73)] ReadMemory at 0x175cab13ac0 of 132 bytes failed: Only part of a ReadProcessMemory or WriteProcessMemory request was completed. (0x12B)
[1122/223531.313:ERROR:process_memory_win.cc(73)] ReadMemory at 0x175cab13d80 of 132 bytes failed: Only part of a ReadProcessMemory or WriteProcessMemory request was completed. (0x12B)
[1122/223531.313:ERROR:process_memory_win.cc(73)] ReadMemory at 0x175cab13f10 of 68 bytes failed: Only part of a ReadProcessMemory or WriteProcessMemory request was completed. (0x12B)
[1122/223531.313:ERROR:process_memory_win.cc(73)] ReadMemory at 0x175cab14f70 of 132 bytes failed: Only part of a ReadProcessMemory or WriteProcessMemory request was completed. (0x12B)
[1122/223531.313:ERROR:process_memory_win.cc(73)] ReadMemory at 0x175cab15100 of 152 bytes failed: Only part of a ReadProcessMemory or WriteProcessMemory request was completed. (0x12B)
[1122/223531.313:ERROR:process_memory_win.cc(73)] ReadMemory at 0x175cab15e90 of 62 bytes failed: Only part of a ReadProcessMemory or WriteProcessMemory request was completed. (0x12B)
[1122/223531.313:ERROR:process_memory_win.cc(73)] ReadMemory at 0x175cab16080 of 132 bytes failed: Only part of a ReadProcessMemory or WriteProcessMemory request was completed. (0x12B)
[1122/223531.313:ERROR:process_memory_win.cc(73)] ReadMemory at 0x175cab161b0 of 60 bytes failed: Only part of a ReadProcessMemory or WriteProcessMemory request was completed. (0x12B)
[1122/223531.313:ERROR:process_memory_win.cc(73)] ReadMemory at 0x175cab1e4d0 of 60 bytes failed: Only part of a ReadProcessMemory or WriteProcessMemory request was completed. (0x12B)
[1122/223531.313:ERROR:process_memory_win.cc(73)] ReadMemory at 0x175cab22bf0 of 132 bytes failed: Only part of a ReadProcessMemory or WriteProcessMemory request was completed. (0x12B)
[1122/223531.313:ERROR:process_memory_win.cc(73)] ReadMemory at 0x175cab22f80 of 132 bytes failed: Only part of a ReadProcessMemory or WriteProcessMemory request was completed. (0x12B)
[1122/223531.313:ERROR:process_memory_win.cc(73)] ReadMemory at 0x175cab23600 of 80 bytes failed: Only part of a ReadProcessMemory or WriteProcessMemory request was completed. (0x12B)
[1122/223531.313:ERROR:process_memory_win.cc(73)] ReadMemory at 0x175cab23f90 of 144 bytes failed: Only part of a ReadProcessMemory or WriteProcessMemory request was completed. (0x12B)
[1122/223531.314:ERROR:process_memory_win.cc(73)] ReadMemory at 0x175cab25b20 of 132 bytes failed: Only part of a ReadProcessMemory or WriteProcessMemory request was completed. (0x12B)
[1122/223531.314:ERROR:process_memory_win.cc(73)] ReadMemory at 0x175cab25d40 of 132 bytes failed: Only part of a ReadProcessMemory or WriteProcessMemory request was completed. (0x12B)
[1122/223531.314:ERROR:process_memory_win.cc(73)] ReadMemory at 0x175cab26090 of 132 bytes failed: Only part of a ReadProcessMemory or WriteProcessMemory request was completed. (0x12B)
[1122/223531.314:ERROR:process_memory_win.cc(73)] ReadMemory at 0x175cab262f0 of 132 bytes failed: Only part of a ReadProcessMemory or WriteProcessMemory request was completed. (0x12B)
[1122/223531.314:ERROR:process_memory_win.cc(73)] ReadMemory at 0x175cab26420 of 132 bytes failed: Only part of a ReadProcessMemory or WriteProcessMemory request was completed. (0x12B)
[1122/223531.314:ERROR:process_memory_win.cc(73)] ReadMemory at 0x175cab26550 of 132 bytes failed: Only part of a ReadProcessMemory or WriteProcessMemory request was completed. (0x12B)
[1122/223531.314:ERROR:process_memory_win.cc(73)] ReadMemory at 0x175cab26680 of 132 bytes failed: Only part of a ReadProcessMemory or WriteProcessMemory request was completed. (0x12B)
[1122/223531.314:ERROR:process_memory_win.cc(73)] ReadMemory at 0x175cab267b0 of 132 bytes failed: Only part of a ReadProcessMemory or WriteProcessMemory request was completed. (0x12B)
[1122/223531.314:ERROR:process_memory_win.cc(73)] ReadMemory at 0x175cab268e0 of 132 bytes failed: Only part of a ReadProcessMemory or WriteProcessMemory request was completed. (0x12B)
[1122/223531.314:ERROR:process_memory_win.cc(73)] ReadMemory at 0x175cab26a10 of 132 bytes failed: Only part of a ReadProcessMemory or WriteProcessMemory request was completed. (0x12B)
[1122/223531.314:ERROR:process_memory_win.cc(73)] ReadMemory at 0x175cab26b40 of 132 bytes failed: Only part of a ReadProcessMemory or WriteProcessMemory request was completed. (0x12B)
[1122/223531.314:ERROR:process_memory_win.cc(73)] ReadMemory at 0x175cab26c70 of 132 bytes failed: Only part of a ReadProcessMemory or WriteProcessMemory request was completed. (0x12B)
[1122/223531.314:ERROR:process_memory_win.cc(73)] ReadMemory at 0x175cab26da0 of 132 bytes failed: Only part of a ReadProcessMemory or WriteProcessMemory request was completed. (0x12B)
[1122/223531.314:ERROR:process_memory_win.cc(73)] ReadMemory at 0x175cab26ed0 of 132 bytes failed: Only part of a ReadProcessMemory or WriteProcessMemory request was completed. (0x12B)
[1122/223531.315:ERROR:process_memory_win.cc(73)] ReadMemory at 0x175cab27000 of 132 bytes failed: Only part of a ReadProcessMemory or WriteProcessMemory request was completed. (0x12B)
[1122/223531.315:ERROR:process_memory_win.cc(73)] ReadMemory at 0x175cab27130 of 132 bytes failed: Only part of a ReadProcessMemory or WriteProcessMemory request was completed. (0x12B)
[1122/223531.315:ERROR:process_memory_win.cc(73)] ReadMemory at 0x175cab28140 of 132 bytes failed: Only part of a ReadProcessMemory or WriteProcessMemory request was completed. (0x12B)
[1122/223531.315:ERROR:process_memory_win.cc(73)] ReadMemory at 0x175cab2b830 of 80 bytes failed: Only part of a ReadProcessMemory or WriteProcessMemory request was completed. (0x12B)
[1122/223531.315:ERROR:process_memory_win.cc(73)] ReadMemory at 0x175cab2bc40 of 64 bytes failed: Only part of a ReadProcessMemory or WriteProcessMemory request was completed. (0x12B)
[1122/223531.315:ERROR:process_memory_win.cc(73)] ReadMemory at 0x175cab2bc90 of 60 bytes failed: Only part of a ReadProcessMemory or WriteProcessMemory request was completed. (0x12B)
[1122/223531.315:ERROR:process_memory_win.cc(73)] ReadMemory at 0x175cab2bce0 of 60 bytes failed: Only part of a ReadProcessMemory or WriteProcessMemory request was completed. (0x12B)
[1122/223531.315:ERROR:process_memory_win.cc(73)] ReadMemory at 0x175cab2be20 of 62 bytes failed: Only part of a ReadProcessMemory or WriteProcessMemory request was completed. (0x12B)
[1122/223531.315:ERROR:process_memory_win.cc(73)] ReadMemory at 0x175cab2bf60 of 66 bytes failed: Only part of a ReadProcessMemory or WriteProcessMemory request was completed. (0x12B)
[1122/223531.315:ERROR:process_memory_win.cc(73)] ReadMemory at 0x175cab2c0f0 of 62 bytes failed: Only part of a ReadProcessMemory or WriteProcessMemory request was completed. (0x12B)
[1122/223531.315:ERROR:process_memory_win.cc(73)] ReadMemory at 0x175cab2c190 of 62 bytes failed: Only part of a ReadProcessMemory or WriteProcessMemory request was completed. (0x12B)
[1122/223531.315:ERROR:process_memory_win.cc(73)] ReadMemory at 0x175cab2c320 of 64 bytes failed: Only part of a ReadProcessMemory or WriteProcessMemory request was completed. (0x12B)
[1122/223531.315:ERROR:process_memory_win.cc(73)] ReadMemory at 0x175cab2c410 of 62 bytes failed: Only part of a ReadProcessMemory or WriteProcessMemory request was completed. (0x12B)
[1122/223531.316:ERROR:process_memory_win.cc(73)] ReadMemory at 0x175cab2c5a0 of 64 bytes failed: Only part of a ReadProcessMemory or WriteProcessMemory request was completed. (0x12B)
[1122/223531.316:ERROR:process_memory_win.cc(73)] ReadMemory at 0x175cab2c5f0 of 64 bytes failed: Only part of a ReadProcessMemory or WriteProcessMemory request was completed. (0x12B)
[1122/223531.316:ERROR:process_memory_win.cc(73)] ReadMemory at 0x175cab2c690 of 62 bytes failed: Only part of a ReadProcessMemory or WriteProcessMemory request was completed. (0x12B)
[1122/223531.316:ERROR:process_memory_win.cc(73)] ReadMemory at 0x175cab2c6e0 of 64 bytes failed: Only part of a ReadProcessMemory or WriteProcessMemory request was completed. (0x12B)
[1122/223531.316:ERROR:process_memory_win.cc(73)] ReadMemory at 0x175cab2c730 of 58 bytes failed: Only part of a ReadProcessMemory or WriteProcessMemory request was completed. (0x12B)
[1122/223531.316:ERROR:process_memory_win.cc(73)] ReadMemory at 0x175cab2c7d0 of 62 bytes failed: Only part of a ReadProcessMemory or WriteProcessMemory request was completed. (0x12B)
[1122/223531.316:ERROR:process_memory_win.cc(73)] ReadMemory at 0x175cab2c8c0 of 64 bytes failed: Only part of a ReadProcessMemory or WriteProcessMemory request was completed. (0x12B)
[1122/223531.316:ERROR:process_memory_win.cc(73)] ReadMemory at 0x175cab2c910 of 62 bytes failed: Only part of a ReadProcessMemory or WriteProcessMemory request was completed. (0x12B)
[1122/223531.316:ERROR:process_memory_win.cc(73)] ReadMemory at 0x175cab2c960 of 60 bytes failed: Only part of a ReadProcessMemory or WriteProcessMemory request was completed. (0x12B)
[1122/223531.316:ERROR:process_memory_win.cc(73)] ReadMemory at 0x175cab2ca00 of 62 bytes failed: Only part of a ReadProcessMemory or WriteProcessMemory request was completed. (0x12B)
[1122/223531.316:ERROR:process_memory_win.cc(73)] ReadMemory at 0x175cab2caa0 of 62 bytes failed: Only part of a ReadProcessMemory or WriteProcessMemory request was completed. (0x12B)
[1122/223531.316:ERROR:process_memory_win.cc(73)] ReadMemory at 0x175cab2caf0 of 64 bytes failed: Only part of a ReadProcessMemory or WriteProcessMemory request was completed. (0x12B)
[1122/223531.316:ERROR:process_memory_win.cc(73)] ReadMemory at 0x175cab2f7b0 of 132 bytes failed: Only part of a ReadProcessMemory or WriteProcessMemory request was completed. (0x12B)
[1122/223531.316:ERROR:process_memory_win.cc(73)] ReadMemory at 0x175cab2fbe0 of 132 bytes failed: Only part of a ReadProcessMemory or WriteProcessMemory request was completed. (0x12B)
[1122/223531.317:ERROR:process_memory_win.cc(73)] ReadMemory at 0x175cab2fdf0 of 132 bytes failed: Only part of a ReadProcessMemory or WriteProcessMemory request was completed. (0x12B)
[1122/223531.317:ERROR:process_memory_win.cc(73)] ReadMemory at 0x175cab32550 of 132 bytes failed: Only part of a ReadProcessMemory or WriteProcessMemory request was completed. (0x12B)
[1122/223531.317:ERROR:process_memory_win.cc(73)] ReadMemory at 0x175cab328e0 of 132 bytes failed: Only part of a ReadProcessMemory or WriteProcessMemory request was completed. (0x12B)
[1122/223531.317:ERROR:process_memory_win.cc(73)] ReadMemory at 0x175cab32a10 of 132 bytes failed: Only part of a ReadProcessMemory or WriteProcessMemory request was completed. (0x12B)
[1122/223531.317:ERROR:process_memory_win.cc(73)] ReadMemory at 0x175cab42430 of 512 bytes failed: Only part of a ReadProcessMemory or WriteProcessMemory request was completed. (0x12B)
[1122/223531.317:ERROR:process_memory_win.cc(73)] ReadMemory at 0x175cab7a580 of 512 bytes failed: Only part of a ReadProcessMemory or WriteProcessMemory request was completed. (0x12B)
[1122/223531.317:ERROR:process_memory_win.cc(73)] ReadMemory at 0x175cab7b180 of 768 bytes failed: Only part of a ReadProcessMemory or WriteProcessMemory request was completed. (0x12B)
[1122/223531.317:ERROR:process_memory_win.cc(73)] ReadMemory at 0x175cab8edd0 of 512 bytes failed: Only part of a ReadProcessMemory or WriteProcessMemory request was completed. (0x12B)
[1122/223531.317:ERROR:process_memory_win.cc(73)] ReadMemory at 0x175caba0620 of 712 bytes failed: Only part of a ReadProcessMemory or WriteProcessMemory request was completed. (0x12B)
[1122/223531.317:ERROR:process_memory_win.cc(73)] ReadMemory at 0x175caba3d50 of 512 bytes failed: Only part of a ReadProcessMemory or WriteProcessMemory request was completed. (0x12B)
[1122/223531.317:ERROR:process_memory_win.cc(73)] ReadMemory at 0x175cabb8320 of 512 bytes failed: Only part of a ReadProcessMemory or WriteProcessMemory request was completed. (0x12B)
[1122/223531.318:ERROR:process_memory_win.cc(73)] ReadMemory at 0x175cabbd530 of 512 bytes failed: Only part of a ReadProcessMemory or WriteProcessMemory request was completed. (0x12B)
[1122/223531.318:ERROR:process_memory_win.cc(73)] ReadMemory at 0x175cabc7ba0 of 512 bytes failed: Only part of a ReadProcessMemory or WriteProcessMemory request was completed. (0x12B)
[1122/223531.318:ERROR:process_memory_win.cc(73)] ReadMemory at 0x175cabc85a0 of 512 bytes failed: Only part of a ReadProcessMemory or WriteProcessMemory request was completed. (0x12B)
[1122/223531.318:ERROR:process_memory_win.cc(73)] ReadMemory at 0x175cace2980 of 512 bytes failed: Only part of a ReadProcessMemory or WriteProcessMemory request was completed. (0x12B)
[1122/223531.318:ERROR:process_memory_win.cc(73)] ReadMemory at 0x175cc630c10 of 512 bytes failed: Only part of a ReadProcessMemory or WriteProcessMemory request was completed. (0x12B)
[1122/223531.318:ERROR:process_memory_win.cc(73)] ReadMemory at 0x175cc6dae10 of 512 bytes failed: Only part of a ReadProcessMemory or WriteProcessMemory request was completed. (0x12B)
[1122/223531.318:ERROR:process_memory_win.cc(73)] ReadMemory at 0x3bee6f29cee8 of 512 bytes failed: Only part of a ReadProcessMemory or WriteProcessMemory request was completed. (0x12B)
[1122/223531.318:ERROR:process_memory_win.cc(73)] ReadMemory at 0x7ffb276eff35 of 512 bytes failed: Only part of a ReadProcessMemory or WriteProcessMemory request was completed. (0x12B)
[1122/223531.318:ERROR:process_memory_win.cc(73)] ReadMemory at 0x7ffb2b9e1590 of 512 bytes failed: Only part of a ReadProcessMemory or WriteProcessMemory request was completed. (0x12B)
[1122/223531.318:ERROR:process_memory_win.cc(73)] ReadMemory at 0x7ffb2c3d14c8 of 512 bytes failed: Only part of a ReadProcessMemory or WriteProcessMemory request was completed. (0x12B)
[1122/223531.318:ERROR:process_memory_win.cc(73)] ReadMemory at 0x7ffb9354d738 of 512 bytes failed: Only part of a ReadProcessMemory or WriteProcessMemory request was completed. (0x12B)
[1122/223531.318:ERROR:process_memory_win.cc(73)] ReadMemory at 0x7ffb95a74a50 of 512 bytes failed: Only part of a ReadProcessMemory or WriteProcessMemory request was completed. (0x12B)
[1122/223531.318:ERROR:process_memory_win.cc(73)] ReadMemory at 0x7ffb95bebda4 of 672 bytes failed: Only part of a ReadProcessMemory or WriteProcessMemory request was completed. (0x12B)
[1122/223531.319:ERROR:process_memory_win.cc(73)] ReadMemory at 0x7ffb95bec3a4 of 512 bytes failed: Only part of a ReadProcessMemory or WriteProcessMemory request was completed. (0x12B)
[1122/223531.319:ERROR:process_memory_win.cc(73)] ReadMemory at 0x7ffb95bef714 of 608 bytes failed: Only part of a ReadProcessMemory or WriteProcessMemory request was completed. (0x12B)
[1122/223531.319:ERROR:process_memory_win.cc(73)] ReadMemory at 0x7ffb95c809e0 of 18 bytes failed: Only part of a ReadProcessMemory or WriteProcessMemory request was completed. (0x12B)
[1122/223531.319:ERROR:process_memory_win.cc(73)] ReadMemory at 0x7ffb95cb54f8 of 40 bytes failed: Only part of a ReadProcessMemory or WriteProcessMemory request was completed. (0x12B)
[1122/223531.320:ERROR:process_memory_win.cc(73)] ReadMemory at 0x7ffb95cb5978 of 48 bytes failed: Only part of a ReadProcessMemory or WriteProcessMemory request was completed. (0x12B)
[1122/223531.320:ERROR:process_memory_win.cc(73)] ReadMemory at 0x7ffb95cbb4c0 of 64 bytes failed: Only part of a ReadProcessMemory or WriteProcessMemory request was completed. (0x12B)
[1122/223531.322:ERROR:scoped_process_suspend.cc(40)] NtResumeProcess: An attempt was made to access an exiting process. (0xc000010a)
[1125/223014.007:ERROR:directory_reader_win.cc(43)] FindFirstFile: The system cannot find the path specified. (0x3)
[1130/215958.229:ERROR:directory_reader_win.cc(43)] FindFirstFile: The system cannot find the path specified. (0x3)
[1202/061526.299:ERROR:directory_reader_win.cc(43)] FindFirstFile: The system cannot find the path specified. (0x3)
[1203/151549.518:ERROR:directory_reader_win.cc(43)] FindFirstFile: The system cannot find the path specified. (0x3)
[1204/224152.637:ERROR:directory_reader_win.cc(43)] FindFirstFile: The system cannot find the path specified. (0x3)
[1205/224152.656:ERROR:directory_reader_win.cc(43)] FindFirstFile: The system cannot find the path specified. (0x3)
[1208/071045.810:ERROR:directory_reader_win.cc(43)] FindFirstFile: The system cannot find the path specified. (0x3)
